2018/8/23 9:23:37	Debug	G1475：未能找到路径“D:\Abutment\93\UnRevTar\EBDT_10233000000000001010101010000000000000001\EBDS_EBDB_10233000000000001010101010000000000000001.xml”的一部分。
2018/8/23 9:29:06	Debug	行号339：文件“D:\Abutment\93\UnRevTar\EBDT_10233000000000001010101010000000000000001\EBDR_1528166300255_test.mp3”正由另一进程使用，因此该进程无法访问此文件。
2018/8/23 9:31:07	Debug	G1475：文件“D:\Abutment\93\UnRevTar\EBDT_10233000000000001010101010000000000000001\EBDR_1528166300255_test.mp3”正由另一进程使用，因此该进程无法访问此文件。
2018/8/23 9:51:20	Debug	G1475：未能找到路径“D:\Abutment\93\UnRevTar\EBDT_10233000000000001010101010000000000000001\EBDS_EBDB_10233000000000001010101010000000000000001.xml”的一部分。
2018/8/23 9:51:20	Debug	行号339：文件“D:\Abutment\93\UnRevTar\EBDT_10233000000000001010101010000000000000001\EBDR_1528166300255_test.mp3”正由另一进程使用，因此该进程无法访问此文件。
2018/8/23 10:05:56	Debug	G1475：未能找到路径“D:\Abutment\93\UnRevTar\EBDT_10 450011600000001010101010000000000000001”的一部分。
2018/8/23 10:31:27	Debug	G1475：未能找到路径“D:\Abutment\93\UnRevTar\EBDT_10450011600000001010101010000000000000001\EBDS_EBDB_10450011600000001010101010000000000000001.xml”的一部分。
2018/8/23 10:35:51	Debug	行号339：文件“D:\Abutment\93\UnRevTar\EBDT_10450011600000001010101010000000000000001\EBDR_1528166300255_test.mp3”正由另一进程使用，因此该进程无法访问此文件。
2018/8/23 10:48:29	Debug	G1475：文件“D:\Abutment\93\UnRevTar\EBDT_10450011600000001010101010000000000000001\EBDR_1528166300255_test.mp3”正由另一进程使用，因此该进程无法访问此文件。
2018/8/23 10:53:47	Debug	G1475：文件“D:\Abutment\93\UnRevTar\EBDT_10450011600000001010101010000000000000001\EBDR_1528166300255_test.mp3”正由另一进程使用，因此该进程无法访问此文件。
2018/8/23 10:55:19	Debug	行号339：已添加了具有相同键的项。
2018/8/23 11:03:29	Debug	行号339：已添加了具有相同键的项。
2018/8/23 11:03:30	Debug	正在中止线程。
2018/8/23 11:04:24	Debug	行号339：已添加了具有相同键的项。
2018/8/23 11:04:24	Debug	正在中止线程。
2018/8/23 11:04:52	Debug	G1475：文件“D:\Abutment\93\UnRevTar\EBDT_10450011600000001010101010000000000000014\EBDR_1528166300255_test.mp3”正由另一进程使用，因此该进程无法访问此文件。
2018/8/23 11:05:04	Debug	G1475：文件“D:\Abutment\93\UnRevTar\EBDT_10450011600000001010101010000000000000015\EBDR_1528166300255_test.mp3”正由另一进程使用，因此该进程无法访问此文件。
2018/8/23 11:05:04	Debug	行号339：文件“D:\Abutment\93\UnRevTar\EBDT_10450011600000001010101010000000000000015\EBDR_1528166300255_test.mp3”正由另一进程使用，因此该进程无法访问此文件。
2018/8/23 13:33:19	Debug	正在中止线程。
2018/8/23 14:05:53	Debug	HttpServerFrom Closeing停止线程错误：未将对象引用设置到对象的实例。
