2018/8/21 9:14:05	Debug	HttpServerFrom Closeing停止线程错误：未将对象引用设置到对象的实例。
2018/8/21 9:31:15	Debug	输入字符串的格式不正确。
2018/8/21 10:11:50	Debug	输入字符串的格式不正确。
2018/8/21 11:09:54	Debug	G1475：未能找到路径“D:\Abutment\93\UnRevTar\EBDT_10233000000000001010101010000000000000001\EBDS_EBDB_10233000000000001010101010000000000000001.xml”的一部分。
2018/8/21 11:35:11	Debug	G1475：未能找到路径“D:\Abutment\93\UnRevTar\EBDT_10233000000000001010101010000000000000001\EBDS_EBDB_10233000000000001010101010000000000000001.xml”的一部分。
2018/8/21 11:39:11	Debug	G1475：文件“D:\Abutment\93\UnRevTar\EBDT_10233000000000001010101010000000000000001\EBDR_1528166300255_test.mp3”正由另一进程使用，因此该进程无法访问此文件。
2018/8/21 11:39:42	Debug	行号339：文件“D:\Abutment\93\UnRevTar\EBDT_10233000000000001010101010000000000000001\EBDR_1528166300255_test.mp3”正由另一进程使用，因此该进程无法访问此文件。
2018/8/21 11:40:26	Debug	G1475：文件“D:\Abutment\93\UnRevTar\EBDT_10233000000000001010101010000000000000001\EBDR_1528166300255_test.mp3”正由另一进程使用，因此该进程无法访问此文件。
2018/8/21 11:48:49	Debug	行号339：文件“D:\Abutment\93\UnRevTar\EBDT_10233000000000001010101010000000000000001\EBDR_1528166300255_test.mp3”正由另一进程使用，因此该进程无法访问此文件。
2018/8/21 11:49:18	Debug	行号339：文件“D:\Abutment\93\UnRevTar\EBDT_10233000000000001010101010000000000000001\EBDR_1528166300255_test.mp3”正由另一进程使用，因此该进程无法访问此文件。
2018/8/21 11:49:47	Debug	G1475：未能找到路径“D:\Abutment\93\UnRevTar\EBDT_10233000000000001010101010000000000000001\EBDS_EBDB_10233000000000001010101010000000000000001.xml”的一部分。
2018/8/21 11:50:09	Debug	未将对象引用设置到对象的实例。
2018/8/21 11:52:02	Debug	未将对象引用设置到对象的实例。
2018/8/21 13:28:28	Debug	G1475：未能找到路径“D:\Abutment\93\UnRevTar\EBDT_10233000000000001010101010000000000000001\EBDS_EBDB_10233000000000001010101010000000000000001.xml”的一部分。
2018/8/21 13:34:09	Debug	索引(从零开始)必须大于或等于零，且小于参数列表的大小。
2018/8/21 13:35:59	Debug	索引(从零开始)必须大于或等于零，且小于参数列表的大小。
2018/8/21 13:37:49	Debug	索引(从零开始)必须大于或等于零，且小于参数列表的大小。
2018/8/21 18:58:00	Debug	未将对象引用设置到对象的实例。
2018/8/21 20:42:34	Debug	正在中止线程。
2018/8/21 21:00:16	Debug	HttpServerFrom Closeing停止线程错误：未将对象引用设置到对象的实例。
2018/8/21 21:52:17	Debug	G1475：路径的形式不合法。
2018/8/21 21:54:07	Debug	G1475：路径的形式不合法。
2018/8/21 21:54:08	Debug	G1475：路径的形式不合法。
2018/8/21 21:54:09	Debug	G1475：路径的形式不合法。
2018/8/21 21:54:10	Debug	G1475：路径的形式不合法。
2018/8/21 21:54:11	Debug	G1475：路径的形式不合法。
2018/8/21 21:54:12	Debug	G1475：路径的形式不合法。
2018/8/21 21:54:13	Debug	G1475：路径的形式不合法。
2018/8/21 21:54:14	Debug	G1475：路径的形式不合法。
2018/8/21 21:54:15	Debug	G1475：路径的形式不合法。
2018/8/21 21:54:16	Debug	G1475：路径的形式不合法。
2018/8/21 21:54:17	Debug	G1475：路径的形式不合法。
2018/8/21 21:54:18	Debug	G1475：路径的形式不合法。
2018/8/21 21:54:19	Debug	G1475：路径的形式不合法。
2018/8/21 21:54:20	Debug	G1475：路径的形式不合法。
2018/8/21 21:54:21	Debug	G1475：路径的形式不合法。
2018/8/21 21:54:22	Debug	G1475：路径的形式不合法。
2018/8/21 21:54:23	Debug	G1475：路径的形式不合法。
2018/8/21 21:54:24	Debug	G1475：路径的形式不合法。
2018/8/21 21:54:25	Debug	G1475：路径的形式不合法。
2018/8/21 21:54:26	Debug	G1475：路径的形式不合法。
2018/8/21 21:54:27	Debug	G1475：路径的形式不合法。
2018/8/21 21:54:28	Debug	G1475：路径的形式不合法。
2018/8/21 21:54:29	Debug	G1475：路径的形式不合法。
2018/8/21 21:54:30	Debug	G1475：路径的形式不合法。
2018/8/21 21:54:31	Debug	G1475：路径的形式不合法。
2018/8/21 21:54:32	Debug	G1475：路径的形式不合法。
2018/8/21 21:54:33	Debug	G1475：路径的形式不合法。
2018/8/21 21:54:34	Debug	G1475：路径的形式不合法。
2018/8/21 21:54:36	Debug	G1475：路径的形式不合法。
2018/8/21 21:54:44	Debug	G1475：路径的形式不合法。
2018/8/21 21:54:44	Debug	G1475：路径的形式不合法。
